# JRE version: Java(TM) SE Runtime Environment (17.0.12+8) (build 17.0.12+8-LTS-286)
# Java VM: Java HotSpot(TM) 64-Bit Server VM (17.0.12+8-LTS-286, mixed mode, sharing, tiered, compressed oops, compressed class ptrs, g1 gc, windows-amd64)
GC Precious Log:
 CPUs: 8 total, 8 available
 Memory: 7886M
 Large Page Support: Disabled
 NUMA Support: Disabled
 Compressed Oops: Enabled (32-bit)
 Heap Region Size: 1M
 Heap Min Capacity: 8M
 Heap Initial Capacity: 124M
 Heap Max Capacity: 1972M
 Pre-touch: Disabled
 Parallel Workers: 8
 Concurrent Workers: 2
 Concurrent Refinement Workers: 8
 Periodic GC: Disabled
Heap:
 garbage-first heap   total 55296K, used 23588K [0x0000000084c00000, 0x0000000100000000)
  region size 1024K, 4 young (4096K), 1 survivors (1024K)
 Metaspace       used 41228K, committed 41664K, reserved 1114112K
  class space    used 5469K, committed 5696K, reserved 1048576K
GC Heap History (20 events):
Event: 1.130 GC heap before
{Heap before GC invocations=0 (full 0):
 garbage-first heap   total 126976K, used 24576K [0x0000000084c00000, 0x0000000100000000)
  region size 1024K, 23 young (23552K), 0 survivors (0K)
 Metaspace       used 5400K, committed 5632K, reserved 1114112K
  class space    used 625K, committed 768K, reserved 1048576K
}
Event: 1.136 GC heap after
{Heap after GC invocations=1 (full 0):
 garbage-first heap   total 126976K, used 7775K [0x0000000084c00000, 0x0000000100000000)
  region size 1024K, 3 young (3072K), 3 survivors (3072K)
 Metaspace       used 5400K, committed 5632K, reserved 1114112K
  class space    used 625K, committed 768K, reserved 1048576K
}
Event: 2.022 GC heap before
{Heap before GC invocations=1 (full 0):
 garbage-first heap   total 126976K, used 36447K [0x0000000084c00000, 0x0000000100000000)
  region size 1024K, 32 young (32768K), 3 survivors (3072K)
 Metaspace       used 12310K, committed 12608K, reserved 1114112K
  class space    used 1676K, committed 1792K, reserved 1048576K
}
Event: 2.030 GC heap after
{Heap after GC invocations=2 (full 0):
 garbage-first heap   total 126976K, used 10060K [0x0000000084c00000, 0x0000000100000000)
  region size 1024K, 3 young (3072K), 3 survivors (3072K)
 Metaspace       used 12310K, committed 12608K, reserved 1114112K
  class space    used 1676K, committed 1792K, reserved 1048576K
}
Event: 2.825 GC heap before
{Heap before GC invocations=2 (full 0):
 garbage-first heap   total 126976K, used 48972K [0x0000000084c00000, 0x0000000100000000)
  region size 1024K, 43 young (44032K), 3 survivors (3072K)
 Metaspace       used 21187K, committed 21504K, reserved 1114112K
  class space    used 2752K, committed 2944K, reserved 1048576K
}
Event: 2.833 GC heap after
{Heap after GC invocations=3 (full 0):
 garbage-first heap   total 126976K, used 14149K [0x0000000084c00000, 0x0000000100000000)
  region size 1024K, 7 young (7168K), 7 survivors (7168K)
 Metaspace       used 21187K, committed 21504K, reserved 1114112K
  class space    used 2752K, committed 2944K, reserved 1048576K
}
Event: 4.190 GC heap before
{Heap before GC invocations=4 (full 0):
 garbage-first heap   total 55296K, used 39749K [0x0000000084c00000, 0x0000000100000000)
  region size 1024K, 32 young (32768K), 7 survivors (7168K)
 Metaspace       used 24082K, committed 24512K, reserved 1114112K
  class space    used 3121K, committed 3328K, reserved 1048576K
}
Event: 4.198 GC heap after
{Heap after GC invocations=5 (full 0):
 garbage-first heap   total 55296K, used 15783K [0x0000000084c00000, 0x0000000100000000)
  region size 1024K, 3 young (3072K), 3 survivors (3072K)
 Metaspace       used 24082K, committed 24512K, reserved 1114112K
  class space    used 3121K, committed 3328K, reserved 1048576K
}
Event: 4.338 GC heap before
{Heap before GC invocations=5 (full 0):
 garbage-first heap   total 55296K, used 16807K [0x0000000084c00000, 0x0000000100000000)
  region size 1024K, 4 young (4096K), 3 survivors (3072K)
 Metaspace       used 24235K, committed 24576K, reserved 1114112K
  class space    used 3142K, committed 3328K, reserved 1048576K
}
Event: 4.343 GC heap after
{Heap after GC invocations=6 (full 0):
 garbage-first heap   total 55296K, used 15962K [0x0000000084c00000, 0x0000000100000000)
  region size 1024K, 1 young (1024K), 1 survivors (1024K)
 Metaspace       used 24235K, committed 24576K, reserved 1114112K
  class space    used 3142K, committed 3328K, reserved 1048576K
}
Event: 9.300 GC heap before
{Heap before GC invocations=6 (full 0):
 garbage-first heap   total 55296K, used 37466K [0x0000000084c00000, 0x0000000100000000)
  region size 1024K, 22 young (22528K), 1 survivors (1024K)
 Metaspace       used 27730K, committed 28160K, reserved 1114112K
  class space    used 3705K, committed 3904K, reserved 1048576K
}
Event: 9.321 GC heap after
{Heap after GC invocations=7 (full 0):
 garbage-first heap   total 55296K, used 17726K [0x0000000084c00000, 0x0000000100000000)
  region size 1024K, 3 young (3072K), 3 survivors (3072K)
 Metaspace       used 27730K, committed 28160K, reserved 1114112K
  class space    used 3705K, committed 3904K, reserved 1048576K
}
Event: 11.824 GC heap before
{Heap before GC invocations=7 (full 0):
 garbage-first heap   total 55296K, used 38206K [0x0000000084c00000, 0x0000000100000000)
  region size 1024K, 23 young (23552K), 3 survivors (3072K)
 Metaspace       used 31314K, committed 31680K, reserved 1114112K
  class space    used 4110K, committed 4288K, reserved 1048576K
}
Event: 11.832 GC heap after
{Heap after GC invocations=8 (full 0):
 garbage-first heap   total 55296K, used 19683K [0x0000000084c00000, 0x0000000100000000)
  region size 1024K, 2 young (2048K), 2 survivors (2048K)
 Metaspace       used 31314K, committed 31680K, reserved 1114112K
  class space    used 4110K, committed 4288K, reserved 1048576K
}
Event: 13.433 GC heap before
{Heap before GC invocations=8 (full 0):
 garbage-first heap   total 55296K, used 31971K [0x0000000084c00000, 0x0000000100000000)
  region size 1024K, 16 young (16384K), 2 survivors (2048K)
 Metaspace       used 35605K, committed 35968K, reserved 1114112K
  class space    used 4608K, committed 4800K, reserved 1048576K
}
Event: 13.440 GC heap after
{Heap after GC invocations=9 (full 0):
 garbage-first heap   total 55296K, used 20850K [0x0000000084c00000, 0x0000000100000000)
  region size 1024K, 2 young (2048K), 2 survivors (2048K)
 Metaspace       used 35605K, committed 35968K, reserved 1114112K
  class space    used 4608K, committed 4800K, reserved 1048576K
}
Event: 16.084 GC heap before
{Heap before GC invocations=10 (full 0):
 garbage-first heap   total 55296K, used 40306K [0x0000000084c00000, 0x0000000100000000)
  region size 1024K, 21 young (21504K), 2 survivors (2048K)
 Metaspace       used 40543K, committed 41024K, reserved 1114112K
  class space    used 5324K, committed 5568K, reserved 1048576K
}
Event: 16.089 GC heap after
{Heap after GC invocations=11 (full 0):
 garbage-first heap   total 55296K, used 21721K [0x0000000084c00000, 0x0000000100000000)
  region size 1024K, 3 young (3072K), 3 survivors (3072K)
 Metaspace       used 40543K, committed 41024K, reserved 1114112K
  class space    used 5324K, committed 5568K, reserved 1048576K
}
Event: 16.218 GC heap before
{Heap before GC invocations=11 (full 0):
 garbage-first heap   total 55296K, used 22745K [0x0000000084c00000, 0x0000000100000000)
  region size 1024K, 4 young (4096K), 3 survivors (3072K)
 Metaspace       used 40785K, committed 41280K, reserved 1114112K
  class space    used 5376K, committed 5632K, reserved 1048576K
}
Event: 16.224 GC heap after
{Heap after GC invocations=12 (full 0):
 garbage-first heap   total 55296K, used 21540K [0x0000000084c00000, 0x0000000100000000)
  region size 1024K, 1 young (1024K), 1 survivors (1024K)
 Metaspace       used 40785K, committed 41280K, reserved 1114112K
  class space    used 5376K, committed 5632K, reserved 1048576K
}

